<?xml version="1.0" encoding="UTF-8"?>
<testng-results ignored="0" total="4" passed="4" failed="0" skipped="0">
  <reporter-output>
  </reporter-output>
  <suite started-at="2021-01-02T00:56:23 PST" name="Suite" finished-at="2021-01-02T00:56:23 PST" duration-ms="51">
    <groups>
    </groups>
    <test started-at="2021-01-02T00:56:23 PST" name="Test" finished-at="2021-01-02T00:56:23 PST" duration-ms="51">
      <class name="qaclickacademy.AppiumTest">
        <test-method signature="IOSApps()[pri:0, instance:qaclickacademy.AppiumTest@4c178a76]" started-at="2021-01-02T00:56:23 PST" name="IOSApps" finished-at="2021-01-02T00:56:23 PST" duration-ms="5" status="PASS">
          <reporter-output>
          </reporter-output>
        </test-method> <!-- IOSApps -->
        <test-method signature="NativeAppAndroid()[pri:0, instance:qaclickacademy.AppiumTest@4c178a76]" started-at="2021-01-02T00:56:23 PST" name="NativeAppAndroid" finished-at="2021-01-02T00:56:23 PST" duration-ms="0" status="PASS">
          <reporter-output>
          </reporter-output>
        </test-method> <!-- NativeAppAndroid -->
      </class> <!-- qaclickacademy.AppiumTest -->
      <class name="qaclickacademy.SeleniumTest">
        <test-method signature="BrowserAutomation()[pri:0, instance:qaclickacademy.SeleniumTest@fa4c865]" started-at="2021-01-02T00:56:23 PST" name="BrowserAutomation" finished-at="2021-01-02T00:56:23 PST" duration-ms="0" status="PASS">
          <reporter-output>
          </reporter-output>
        </test-method> <!-- BrowserAutomation -->
        <test-method signature="elementsUi()[pri:0, instance:qaclickacademy.SeleniumTest@fa4c865]" started-at="2021-01-02T00:56:23 PST" name="elementsUi" finished-at="2021-01-02T00:56:23 PST" duration-ms="0" status="PASS">
          <reporter-output>
          </reporter-output>
        </test-method> <!-- elementsUi -->
      </class> <!-- qaclickacademy.SeleniumTest -->
    </test> <!-- Test -->
  </suite> <!-- Suite -->
</testng-results>
